[debug] [2024-04-07T15:51:54.619Z] ----------------------------------------------------------------------
[debug] [2024-04-07T15:51:54.621Z] Command:       C:\Program Files\nodejs\node.exe C:\Users\ahfos\AppData\Roaming\npm\node_modules\firebase-tools\lib\bin\firebase.js login
[debug] [2024-04-07T15:51:54.621Z] CLI Version:   13.7.1
[debug] [2024-04-07T15:51:54.624Z] Platform:      win32
[debug] [2024-04-07T15:51:54.624Z] Node Version:  v20.12.1
[debug] [2024-04-07T15:51:54.624Z] Time:          Sun Apr 07 2024 23:51:54 GMT+0800 (中国标准时间)
[debug] [2024-04-07T15:51:54.624Z] ----------------------------------------------------------------------
[debug] 
[debug] [2024-04-07T15:51:54.626Z] >>> [apiv2][query] GET https://firebase-public.firebaseio.com/cli.json [none]
[info] i  Firebase optionally collects CLI and Emulator Suite usage and error reporting information to help improve our products. Data is collected in accordance with Google's privacy policy (https://policies.google.com/privacy) and is not used to identify you.
 
[info] i  To change your data collection preference at any time, run `firebase logout` and log in again. 
[info] 
[info] Visit this URL on this device to log in:
[info] https://accounts.google.com/o/oauth2/auth?client_id=563584335869-fgrhgmd47bqnekij5i8b5pr03ho849e6.apps.googleusercontent.com&scope=email%20openid%20https%3A%2F%2Fwww.googleapis.com%2Fauth%2Fcloudplatformprojects.readonly%20https%3A%2F%2Fwww.googleapis.com%2Fauth%2Ffirebase%20https%3A%2F%2Fwww.googleapis.com%2Fauth%2Fcloud-platform&response_type=code&state=44755009&redirect_uri=http%3A%2F%2Flocalhost%3A9005
[info] 
[info] Waiting for authentication...
[debug] [2024-04-07T15:52:08.419Z] >>> [apiv2][query] POST https://accounts.google.com/o/oauth2/token [none]
[debug] [2024-04-07T15:52:08.419Z] >>> [apiv2][body] POST https://accounts.google.com/o/oauth2/token [omitted]
[debug] [2024-04-07T15:52:16.504Z] *** [apiv2] error from fetch(https://firebase-public.firebaseio.com/cli.json, {"headers":{},"method":"GET"}): FetchError: request to https://firebase-public.firebaseio.com/cli.json failed, reason: 
[warn] !  Unable to fetch the CLI MOTD and remote config. This is not a fatal error, but may indicate an issue with your network connection. 
[debug] [2024-04-07T15:52:16.505Z] Failed to fetch MOTD FirebaseError: Failed to make request to https://firebase-public.firebaseio.com/cli.json
[debug] [2024-04-07T15:52:29.446Z] *** [apiv2] error from fetch(https://accounts.google.com/o/oauth2/token, {"headers":{},"method":"POST","body":{"_overheadLength":543,"_valueLength":208,"_valuesToMeasure":[],"writable":false,"readable":true,"dataSize":0,"maxDataSize":2097152,"pauseStreams":true,"_released":true,"_streams":[],"_currentStream":null,"_insideLoop":false,"_pendingNext":false,"_boundary":"--------------------------353653858807908597002911","_events":{},"_eventsCount":1}}): FetchError: request to https://accounts.google.com/o/oauth2/token failed, reason: connect ETIMEDOUT 93.46.8.90:443
[debug] [2024-04-07T15:52:29.447Z] Token Fetch Error: FirebaseError: Failed to make request to https://accounts.google.com/o/oauth2/token
    at RetryOperation._fn (C:\Users\ahfos\AppData\Roaming\npm\node_modules\firebase-tools\lib\apiv2.js:253:31)
    at process.processTicksAndRejections (node:internal/process/task_queues:95:5)
[debug] [2024-04-07T15:52:29.452Z] >>> [apiv2][query] POST https://auth.firebase.tools/attest [none]
[debug] [2024-04-07T15:52:29.453Z] >>> [apiv2][body] POST https://auth.firebase.tools/attest {"session_id":"c6119f0c-e6e0-498d-850d-e9f9c3073c68"}
